# JRE version: OpenJDK Runtime Environment (17.0.6) (build 17.0.6+0-b2043.56-10027231)
# Java VM: OpenJDK 64-Bit Server VM (17.0.6+0-b2043.56-10027231, mixed mode, tiered, compressed oops, compressed class ptrs, g1 gc, windows-amd64)
GC Precious Log:
 CPUs: 12 total, 12 available
 Memory: 8009M
 Large Page Support: Disabled
 NUMA Support: Disabled
 Compressed Oops: Enabled (32-bit)
 Heap Region Size: 1M
 Heap Min Capacity: 8M
 Heap Initial Capacity: 126M
 Heap Max Capacity: 2G
 Pre-touch: Disabled
 Parallel Workers: 10
 Concurrent Workers: 3
 Concurrent Refinement Workers: 10
 Periodic GC: Disabled
Heap:
 garbage-first heap   total 233472K, used 158413K [0x0000000080000000, 0x0000000100000000)
  region size 1024K, 46 young (47104K), 6 survivors (6144K)
 Metaspace       used 125788K, committed 126656K, reserved 1163264K
  class space    used 17075K, committed 17472K, reserved 1048576K
GC Heap History (20 events):
Event: 9.071 GC heap before
{Heap before GC invocations=27 (full 0):
 garbage-first heap   total 132096K, used 105723K [0x0000000080000000, 0x0000000100000000)
  region size 1024K, 43 young (44032K), 6 survivors (6144K)
 Metaspace       used 89443K, committed 90048K, reserved 1130496K
  class space    used 12167K, committed 12480K, reserved 1048576K
}
Event: 9.078 GC heap after
{Heap after GC invocations=28 (full 0):
 garbage-first heap   total 132096K, used 73991K [0x0000000080000000, 0x0000000100000000)
  region size 1024K, 6 young (6144K), 6 survivors (6144K)
 Metaspace       used 89443K, committed 90048K, reserved 1130496K
  class space    used 12167K, committed 12480K, reserved 1048576K
}
Event: 9.573 GC heap before
{Heap before GC invocations=29 (full 0):
 garbage-first heap   total 132096K, used 106759K [0x0000000080000000, 0x0000000100000000)
  region size 1024K, 38 young (38912K), 6 survivors (6144K)
 Metaspace       used 92294K, committed 92928K, reserved 1130496K
  class space    used 12508K, committed 12800K, reserved 1048576K
}
Event: 9.579 GC heap after
{Heap after GC invocations=30 (full 0):
 garbage-first heap   total 132096K, used 79330K [0x0000000080000000, 0x0000000100000000)
  region size 1024K, 5 young (5120K), 5 survivors (5120K)
 Metaspace       used 92294K, committed 92928K, reserved 1130496K
  class space    used 12508K, committed 12800K, reserved 1048576K
}
Event: 9.606 GC heap before
{Heap before GC invocations=30 (full 0):
 garbage-first heap   total 132096K, used 80354K [0x0000000080000000, 0x0000000100000000)
  region size 1024K, 6 young (6144K), 5 survivors (5120K)
 Metaspace       used 92327K, committed 92992K, reserved 1130496K
  class space    used 12512K, committed 12800K, reserved 1048576K
}
Event: 9.611 GC heap after
{Heap after GC invocations=31 (full 0):
 garbage-first heap   total 132096K, used 79527K [0x0000000080000000, 0x0000000100000000)
  region size 1024K, 1 young (1024K), 1 survivors (1024K)
 Metaspace       used 92327K, committed 92992K, reserved 1130496K
  class space    used 12512K, committed 12800K, reserved 1048576K
}
Event: 9.881 GC heap before
{Heap before GC invocations=31 (full 0):
 garbage-first heap   total 132096K, used 106151K [0x0000000080000000, 0x0000000100000000)
  region size 1024K, 28 young (28672K), 1 survivors (1024K)
 Metaspace       used 93173K, committed 93760K, reserved 1130496K
  class space    used 12709K, committed 12992K, reserved 1048576K
}
Event: 9.886 GC heap after
{Heap after GC invocations=32 (full 0):
 garbage-first heap   total 233472K, used 83879K [0x0000000080000000, 0x0000000100000000)
  region size 1024K, 4 young (4096K), 4 survivors (4096K)
 Metaspace       used 93173K, committed 93760K, reserved 1130496K
  class space    used 12709K, committed 12992K, reserved 1048576K
}
Event: 10.876 GC heap before
{Heap before GC invocations=33 (full 0):
 garbage-first heap   total 233472K, used 172967K [0x0000000080000000, 0x0000000100000000)
  region size 1024K, 92 young (94208K), 4 survivors (4096K)
 Metaspace       used 94017K, committed 94656K, reserved 1138688K
  class space    used 12771K, committed 13056K, reserved 1048576K
}
Event: 10.884 GC heap after
{Heap after GC invocations=34 (full 0):
 garbage-first heap   total 233472K, used 90018K [0x0000000080000000, 0x0000000100000000)
  region size 1024K, 10 young (10240K), 10 survivors (10240K)
 Metaspace       used 94017K, committed 94656K, reserved 1138688K
  class space    used 12771K, committed 13056K, reserved 1048576K
}
Event: 10.892 GC heap before
{Heap before GC invocations=34 (full 0):
 garbage-first heap   total 233472K, used 91042K [0x0000000080000000, 0x0000000100000000)
  region size 1024K, 11 young (11264K), 10 survivors (10240K)
 Metaspace       used 94042K, committed 94656K, reserved 1138688K
  class space    used 12771K, committed 13056K, reserved 1048576K
}
Event: 10.899 GC heap after
{Heap after GC invocations=35 (full 0):
 garbage-first heap   total 233472K, used 89612K [0x0000000080000000, 0x0000000100000000)
  region size 1024K, 2 young (2048K), 2 survivors (2048K)
 Metaspace       used 94042K, committed 94656K, reserved 1138688K
  class space    used 12771K, committed 13056K, reserved 1048576K
}
Event: 12.044 GC heap before
{Heap before GC invocations=35 (full 0):
 garbage-first heap   total 233472K, used 180748K [0x0000000080000000, 0x0000000100000000)
  region size 1024K, 89 young (91136K), 2 survivors (2048K)
 Metaspace       used 102307K, committed 103040K, reserved 1138688K
  class space    used 13872K, committed 14208K, reserved 1048576K
}
Event: 12.054 GC heap after
{Heap after GC invocations=36 (full 0):
 garbage-first heap   total 233472K, used 105239K [0x0000000080000000, 0x0000000100000000)
  region size 1024K, 12 young (12288K), 12 survivors (12288K)
 Metaspace       used 102307K, committed 103040K, reserved 1138688K
  class space    used 13872K, committed 14208K, reserved 1048576K
}
Event: 12.700 GC heap before
{Heap before GC invocations=36 (full 0):
 garbage-first heap   total 233472K, used 177943K [0x0000000080000000, 0x0000000100000000)
  region size 1024K, 84 young (86016K), 12 survivors (12288K)
 Metaspace       used 105643K, committed 106368K, reserved 1146880K
  class space    used 14332K, committed 14656K, reserved 1048576K
}
Event: 12.710 GC heap after
{Heap after GC invocations=37 (full 0):
 garbage-first heap   total 233472K, used 109344K [0x0000000080000000, 0x0000000100000000)
  region size 1024K, 7 young (7168K), 7 survivors (7168K)
 Metaspace       used 105643K, committed 106368K, reserved 1146880K
  class space    used 14332K, committed 14656K, reserved 1048576K
}
Event: 13.737 GC heap before
{Heap before GC invocations=37 (full 0):
 garbage-first heap   total 233472K, used 182048K [0x0000000080000000, 0x0000000100000000)
  region size 1024K, 79 young (80896K), 7 survivors (7168K)
 Metaspace       used 119425K, committed 120192K, reserved 1155072K
  class space    used 16473K, committed 16832K, reserved 1048576K
}
Event: 13.746 GC heap after
{Heap after GC invocations=38 (full 0):
 garbage-first heap   total 233472K, used 114605K [0x0000000080000000, 0x0000000100000000)
  region size 1024K, 6 young (6144K), 6 survivors (6144K)
 Metaspace       used 119425K, committed 120192K, reserved 1155072K
  class space    used 16473K, committed 16832K, reserved 1048576K
}
Event: 24.173 GC heap before
{Heap before GC invocations=38 (full 0):
 garbage-first heap   total 233472K, used 195501K [0x0000000080000000, 0x0000000100000000)
  region size 1024K, 76 young (77824K), 6 survivors (6144K)
 Metaspace       used 125233K, committed 126016K, reserved 1163264K
  class space    used 17048K, committed 17408K, reserved 1048576K
}
Event: 24.180 GC heap after
{Heap after GC invocations=39 (full 0):
 garbage-first heap   total 233472K, used 119501K [0x0000000080000000, 0x0000000100000000)
  region size 1024K, 6 young (6144K), 6 survivors (6144K)
 Metaspace       used 125233K, committed 126016K, reserved 1163264K
  class space    used 17048K, committed 17408K, reserved 1048576K
}

